"is_built_lib_cas" "true"
"built_lib_cas" "/Users/timothygriffin/working/mre/cas-1.0/ocaml/_build/src/cas.cma"
"built_lib_cas" "/Users/timothygriffin/working/mre/cas-1.0/ocaml/_build/src/cas.cmxa"
"built_lib_cas" "/Users/timothygriffin/working/mre/cas-1.0/ocaml/_build/src/cas.a"
"built_lib_cas" "/Users/timothygriffin/working/mre/cas-1.0/ocaml/_build/src/cas.cmxs"
"built_lib_cas" "/Users/timothygriffin/working/mre/cas-1.0/ocaml/_build/src/extracted/construct_certs.cmi"
"built_lib_cas" "/Users/timothygriffin/working/mre/cas-1.0/ocaml/_build/src/extracted/check.cmi"
"built_lib_cas" "/Users/timothygriffin/working/mre/cas-1.0/ocaml/_build/src/extracted/cert_records.cmi"
"built_lib_cas" "/Users/timothygriffin/working/mre/cas-1.0/ocaml/_build/src/extracted/cef.cmi"
"built_lib_cas" "/Users/timothygriffin/working/mre/cas-1.0/ocaml/_build/src/extracted/cast.cmi"
"built_lib_cas" "/Users/timothygriffin/working/mre/cas-1.0/ocaml/_build/src/extracted/cas_records.cmi"
"built_lib_cas" "/Users/timothygriffin/working/mre/cas-1.0/ocaml/_build/src/extracted/cas.cmi"
"built_lib_cas" "/Users/timothygriffin/working/mre/cas-1.0/ocaml/_build/src/extracted/brel.cmi"
"built_lib_cas" "/Users/timothygriffin/working/mre/cas-1.0/ocaml/_build/src/extracted/bop.cmi"
"built_lib_cas" "/Users/timothygriffin/working/mre/cas-1.0/ocaml/_build/src/extracted/basic_types.cmi"
"built_lib_cas" "/Users/timothygriffin/working/mre/cas-1.0/ocaml/_build/src/extracted/ast.cmi"
"built_lib_cas" "/Users/timothygriffin/working/mre/cas-1.0/ocaml/_build/src/extracted/Peano.cmi"
"built_lib_cas" "/Users/timothygriffin/working/mre/cas-1.0/ocaml/_build/src/extracted/EqNat.cmi"
"built_lib_cas" "/Users/timothygriffin/working/mre/cas-1.0/ocaml/_build/src/extracted/Datatypes.cmi"
"built_lib_cas" "/Users/timothygriffin/working/mre/cas-1.0/ocaml/_build/src/extracted/Bool.cmi"
"built_lib_cas" "/Users/timothygriffin/working/mre/cas-1.0/ocaml/_build/src/extracted/construct_certs.cmx"
"built_lib_cas" "/Users/timothygriffin/working/mre/cas-1.0/ocaml/_build/src/extracted/check.cmx"
"built_lib_cas" "/Users/timothygriffin/working/mre/cas-1.0/ocaml/_build/src/extracted/cert_records.cmx"
"built_lib_cas" "/Users/timothygriffin/working/mre/cas-1.0/ocaml/_build/src/extracted/cef.cmx"
"built_lib_cas" "/Users/timothygriffin/working/mre/cas-1.0/ocaml/_build/src/extracted/cast.cmx"
"built_lib_cas" "/Users/timothygriffin/working/mre/cas-1.0/ocaml/_build/src/extracted/cas_records.cmx"
"built_lib_cas" "/Users/timothygriffin/working/mre/cas-1.0/ocaml/_build/src/extracted/cas.cmx"
"built_lib_cas" "/Users/timothygriffin/working/mre/cas-1.0/ocaml/_build/src/extracted/brel.cmx"
"built_lib_cas" "/Users/timothygriffin/working/mre/cas-1.0/ocaml/_build/src/extracted/bop.cmx"
"built_lib_cas" "/Users/timothygriffin/working/mre/cas-1.0/ocaml/_build/src/extracted/basic_types.cmx"
"built_lib_cas" "/Users/timothygriffin/working/mre/cas-1.0/ocaml/_build/src/extracted/ast.cmx"
"built_lib_cas" "/Users/timothygriffin/working/mre/cas-1.0/ocaml/_build/src/extracted/Peano.cmx"
"built_lib_cas" "/Users/timothygriffin/working/mre/cas-1.0/ocaml/_build/src/extracted/EqNat.cmx"
"built_lib_cas" "/Users/timothygriffin/working/mre/cas-1.0/ocaml/_build/src/extracted/Datatypes.cmx"
"built_lib_cas" "/Users/timothygriffin/working/mre/cas-1.0/ocaml/_build/src/extracted/Bool.cmx"
